Flow report for confidence_counter_top
Thu Mar 31 16:15:40 2016
Quartus II 64-Bit Version 14.1.0 Build 186 12/03/2014 SJ Web Edition


---------------------
; Table of Contents ;
---------------------
  1. Legal Notice
  2. Flow Summary
  3. Flow Settings
  4. Flow Non-Default Global Settings
  5. Flow Elapsed Time
  6. Flow OS Summary
  7. Flow Log
  8. Flow Messages
  9. Flow Suppressed Messages



----------------
; Legal Notice ;
----------------
Copyright (C) 1991-2014 Altera Corporation. All rights reserved.
Your use of Altera Corporation's design tools, logic functions 
and other software and tools, and its AMPP partner logic 
functions, and any output files from any of the foregoing 
(including device programming or simulation files), and any 
associated documentation or information are expressly subject 
to the terms and conditions of the Altera Program License 
Subscription Agreement, the Altera Quartus II License Agreement,
the Altera MegaCore Function License Agreement, or other 
applicable license agreement, including, without limitation, 
that your use is for the sole purpose of programming logic 
devices manufactured by Altera and sold by Altera or its 
authorized distributors.  Please refer to the applicable 
agreement for further details.



+---------------------------------------------------------------------------------+
; Flow Summary                                                                    ;
+------------------------------------+--------------------------------------------+
; Flow Status                        ; Successful - Thu Mar 31 16:09:05 2016      ;
; Quartus II 64-Bit Version          ; 14.1.0 Build 186 12/03/2014 SJ Web Edition ;
; Revision Name                      ; confidence_counter_top                     ;
; Top-level Entity Name              ; confidence_counter_top                     ;
; Family                             ; MAX 10                                     ;
; Device                             ; 10M08DAF484C8GES                           ;
; Timing Models                      ; Preliminary                                ;
; Total logic elements               ; 15 / 8,064 ( < 1 % )                       ;
;     Total combinational functions  ; 14 / 8,064 ( < 1 % )                       ;
;     Dedicated logic registers      ; 5 / 8,064 ( < 1 % )                        ;
; Total registers                    ; 5                                          ;
; Total pins                         ; 4 / 250 ( 2 % )                            ;
; Total virtual pins                 ; 0                                          ;
; Total memory bits                  ; 0 / 387,072 ( 0 % )                        ;
; Embedded Multiplier 9-bit elements ; 0 / 48 ( 0 % )                             ;
; Total PLLs                         ; 0 / 2 ( 0 % )                              ;
; UFM blocks                         ; 0 / 1 ( 0 % )                              ;
; ADC blocks                         ; 0 / 1 ( 0 % )                              ;
+------------------------------------+--------------------------------------------+


+--------------------------------------------+
; Flow Settings                              ;
+-------------------+------------------------+
; Option            ; Setting                ;
+-------------------+------------------------+
; Start date & time ; 03/31/2016 16:08:30    ;
; Main task         ; Compilation            ;
; Revision Name     ; confidence_counter_top ;
+-------------------+------------------------+


+----------------------------------------------------------------------------------------------------------------------+
; Flow Non-Default Global Settings                                                                                     ;
+-------------------------------------+---------------------------------+---------------+-------------+----------------+
; Assignment Name                     ; Value                           ; Default Value ; Entity Name ; Section Id     ;
+-------------------------------------+---------------------------------+---------------+-------------+----------------+
; COMPILER_SIGNATURE_ID               ; 244449677047661.145946211005824 ; --            ; --          ; --             ;
; EDA_OUTPUT_DATA_FORMAT              ; Vhdl                            ; --            ; --          ; eda_simulation ;
; EDA_SIMULATION_TOOL                 ; ModelSim-Altera (VHDL)          ; <None>        ; --          ; --             ;
; MAX_CORE_JUNCTION_TEMP              ; 85                              ; --            ; --          ; --             ;
; MIN_CORE_JUNCTION_TEMP              ; 0                               ; --            ; --          ; --             ;
; PARTITION_COLOR                     ; 16764057                        ; --            ; --          ; Top            ;
; PARTITION_FITTER_PRESERVATION_LEVEL ; PLACEMENT_AND_ROUTING           ; --            ; --          ; Top            ;
; PARTITION_NETLIST_TYPE              ; SOURCE                          ; --            ; --          ; Top            ;
; PROJECT_OUTPUT_DIRECTORY            ; output_files                    ; --            ; --          ; --             ;
+-------------------------------------+---------------------------------+---------------+-------------+----------------+


+-------------------------------------------------------------------------------------------------------------------------------+
; Flow Elapsed Time                                                                                                             ;
+---------------------------+--------------+-------------------------+---------------------+------------------------------------+
; Module Name               ; Elapsed Time ; Average Processors Used ; Peak Virtual Memory ; Total CPU Time (on all processors) ;
+---------------------------+--------------+-------------------------+---------------------+------------------------------------+
; Analysis & Synthesis      ; 00:00:15     ; 1.0                     ; 599 MB              ; 00:00:36                           ;
; Fitter                    ; 00:00:06     ; 1.0                     ; 1054 MB             ; 00:00:06                           ;
; Assembler                 ; 00:00:01     ; 1.0                     ; 548 MB              ; 00:00:01                           ;
; TimeQuest Timing Analyzer ; 00:00:02     ; 1.0                     ; 625 MB              ; 00:00:03                           ;
; EDA Netlist Writer        ; 00:00:00     ; 1.0                     ; 513 MB              ; 00:00:01                           ;
; TimeQuest Timing Analyzer ; 00:00:03     ; 1.0                     ; 615 MB              ; 00:00:02                           ;
; Total                     ; 00:00:27     ; --                      ; --                  ; 00:00:49                           ;
+---------------------------+--------------+-------------------------+---------------------+------------------------------------+


+----------------------------------------------------------------------------------------+
; Flow OS Summary                                                                        ;
+---------------------------+------------------+-----------+------------+----------------+
; Module Name               ; Machine Hostname ; OS Name   ; OS Version ; Processor type ;
+---------------------------+------------------+-----------+------------+----------------+
; Analysis & Synthesis      ; raghunath-PC     ; Windows 7 ; 6.1        ; x86_64         ;
; Fitter                    ; raghunath-PC     ; Windows 7 ; 6.1        ; x86_64         ;
; Assembler                 ; raghunath-PC     ; Windows 7 ; 6.1        ; x86_64         ;
; TimeQuest Timing Analyzer ; raghunath-PC     ; Windows 7 ; 6.1        ; x86_64         ;
; EDA Netlist Writer        ; raghunath-PC     ; Windows 7 ; 6.1        ; x86_64         ;
; TimeQuest Timing Analyzer ; raghunath-PC     ; Windows 7 ; 6.1        ; x86_64         ;
+---------------------------+------------------+-----------+------------+----------------+


------------
; Flow Log ;
------------
quartus_map --read_settings_files=on --write_settings_files=off confidence_counter -c confidence_counter_top
quartus_fit --read_settings_files=off --write_settings_files=off confidence_counter -c confidence_counter_top
quartus_asm --read_settings_files=off --write_settings_files=off confidence_counter -c confidence_counter_top
quartus_sta confidence_counter -c confidence_counter_top
quartus_eda --read_settings_files=off --write_settings_files=off confidence_counter -c confidence_counter_top
quartus_sta confidence_counter -c confidence_counter_top



