Flow report for Finalproject
Sun Apr 24 00:29:11 2016
Quartus II 64-Bit Version 14.1.0 Build 186 12/03/2014 SJ Web Edition


---------------------
; Table of Contents ;
---------------------
  1. Legal Notice
  2. Flow Summary
  3. Flow Settings
  4. Flow Non-Default Global Settings
  5. Flow Elapsed Time
  6. Flow OS Summary
  7. Flow Log
  8. Flow Messages
  9. Flow Suppressed Messages



----------------
; Legal Notice ;
----------------
Copyright (C) 1991-2014 Altera Corporation. All rights reserved.
Your use of Altera Corporation's design tools, logic functions 
and other software and tools, and its AMPP partner logic 
functions, and any output files from any of the foregoing 
(including device programming or simulation files), and any 
associated documentation or information are expressly subject 
to the terms and conditions of the Altera Program License 
Subscription Agreement, the Altera Quartus II License Agreement,
the Altera MegaCore Function License Agreement, or other 
applicable license agreement, including, without limitation, 
that your use is for the sole purpose of programming logic 
devices manufactured by Altera and sold by Altera or its 
authorized distributors.  Please refer to the applicable 
agreement for further details.



+------------------------------------------------------------------------------+
; Flow Summary                                                                 ;
+---------------------------------+--------------------------------------------+
; Flow Status                     ; Successful - Sun Apr 24 00:29:11 2016      ;
; Quartus II 64-Bit Version       ; 14.1.0 Build 186 12/03/2014 SJ Web Edition ;
; Revision Name                   ; Finalproject                               ;
; Top-level Entity Name           ; VGA                                        ;
; Family                          ; Cyclone V                                  ;
; Device                          ; 5CSEMA5F31C6                               ;
; Timing Models                   ; Final                                      ;
; Logic utilization (in ALMs)     ; 94 / 32,070 ( < 1 % )                      ;
; Total registers                 ; 59                                         ;
; Total pins                      ; 35 / 457 ( 8 % )                           ;
; Total virtual pins              ; 0                                          ;
; Total block memory bits         ; 0 / 4,065,280 ( 0 % )                      ;
; Total DSP Blocks                ; 0 / 87 ( 0 % )                             ;
; Total HSSI RX PCSs              ; 0                                          ;
; Total HSSI PMA RX Deserializers ; 0                                          ;
; Total HSSI TX PCSs              ; 0                                          ;
; Total HSSI PMA TX Serializers   ; 0                                          ;
; Total PLLs                      ; 1 / 6 ( 17 % )                             ;
; Total DLLs                      ; 0 / 4 ( 0 % )                              ;
+---------------------------------+--------------------------------------------+


+-----------------------------------------+
; Flow Settings                           ;
+-------------------+---------------------+
; Option            ; Setting             ;
+-------------------+---------------------+
; Start date & time ; 04/24/2016 00:27:22 ;
; Main task         ; Compilation         ;
; Revision Name     ; Finalproject        ;
+-------------------+---------------------+


+-------------------------------------------------------------------------------------------------------------------------------------------------+
; Flow Non-Default Global Settings                                                                                                                ;
+-------------------------------------+------------------------------------------------------------+---------------+-------------+----------------+
; Assignment Name                     ; Value                                                      ; Default Value ; Entity Name ; Section Id     ;
+-------------------------------------+------------------------------------------------------------+---------------+-------------+----------------+
; COMPILER_SIGNATURE_ID               ; 244449677047661.146147924210476                            ; --            ; --          ; --             ;
; EDA_OUTPUT_DATA_FORMAT              ; Vhdl                                                       ; --            ; --          ; eda_simulation ;
; EDA_SIMULATION_TOOL                 ; ModelSim-Altera (VHDL)                                     ; <None>        ; --          ; --             ;
; MAX_CORE_JUNCTION_TEMP              ; 85                                                         ; --            ; --          ; --             ;
; MIN_CORE_JUNCTION_TEMP              ; 0                                                          ; --            ; --          ; --             ;
; MISC_FILE                           ; pll_new/synthesis/../main_pll.cmp                          ; --            ; --          ; --             ;
; MISC_FILE                           ; pll_new/synthesis/../../main_pll.qsys                      ; --            ; --          ; --             ;
; PARTITION_COLOR                     ; 16764057                                                   ; --            ; VGA         ; Top            ;
; PARTITION_FITTER_PRESERVATION_LEVEL ; PLACEMENT_AND_ROUTING                                      ; --            ; VGA         ; Top            ;
; PARTITION_NETLIST_TYPE              ; SOURCE                                                     ; --            ; VGA         ; Top            ;
; POWER_BOARD_THERMAL_MODEL           ; None (CONSERVATIVE)                                        ; --            ; --          ; --             ;
; POWER_PRESET_COOLING_SOLUTION       ; 23 MM HEAT SINK WITH 200 LFPM AIRFLOW                      ; --            ; --          ; --             ;
; PROJECT_OUTPUT_DIRECTORY            ; output_files                                               ; --            ; --          ; --             ;
; SLD_FILE                            ; pll_new/synthesis/main_pll.debuginfo                       ; --            ; --          ; --             ;
; SLD_INFO                            ; QSYS_NAME main_pll HAS_SOPCINFO 1 GENERATION_ID 1461395184 ; --            ; main_pll    ; --             ;
; SOPCINFO_FILE                       ; pll_new/synthesis/../../main_pll.sopcinfo                  ; --            ; --          ; --             ;
; SYNTHESIS_ONLY_QIP                  ; On                                                         ; --            ; --          ; --             ;
; TOP_LEVEL_ENTITY                    ; VGA                                                        ; Finalproject  ; --          ; --             ;
+-------------------------------------+------------------------------------------------------------+---------------+-------------+----------------+


+-------------------------------------------------------------------------------------------------------------------------------+
; Flow Elapsed Time                                                                                                             ;
+---------------------------+--------------+-------------------------+---------------------+------------------------------------+
; Module Name               ; Elapsed Time ; Average Processors Used ; Peak Virtual Memory ; Total CPU Time (on all processors) ;
+---------------------------+--------------+-------------------------+---------------------+------------------------------------+
; Analysis & Synthesis      ; 00:00:15     ; 1.0                     ; 695 MB              ; 00:00:35                           ;
; Fitter                    ; 00:01:02     ; 1.4                     ; 2215 MB             ; 00:01:20                           ;
; Assembler                 ; 00:00:10     ; 1.0                     ; 689 MB              ; 00:00:11                           ;
; TimeQuest Timing Analyzer ; 00:00:08     ; 1.0                     ; 989 MB              ; 00:00:09                           ;
; EDA Netlist Writer        ; 00:00:02     ; 1.0                     ; 711 MB              ; 00:00:02                           ;
; Total                     ; 00:01:37     ; --                      ; --                  ; 00:02:17                           ;
+---------------------------+--------------+-------------------------+---------------------+------------------------------------+


+----------------------------------------------------------------------------------------+
; Flow OS Summary                                                                        ;
+---------------------------+------------------+-----------+------------+----------------+
; Module Name               ; Machine Hostname ; OS Name   ; OS Version ; Processor type ;
+---------------------------+------------------+-----------+------------+----------------+
; Analysis & Synthesis      ; raghunath-PC     ; Windows 7 ; 6.1        ; x86_64         ;
; Fitter                    ; raghunath-PC     ; Windows 7 ; 6.1        ; x86_64         ;
; Assembler                 ; raghunath-PC     ; Windows 7 ; 6.1        ; x86_64         ;
; TimeQuest Timing Analyzer ; raghunath-PC     ; Windows 7 ; 6.1        ; x86_64         ;
; EDA Netlist Writer        ; raghunath-PC     ; Windows 7 ; 6.1        ; x86_64         ;
+---------------------------+------------------+-----------+------------+----------------+


------------
; Flow Log ;
------------
quartus_map --read_settings_files=on --write_settings_files=off Finalproject -c Finalproject
quartus_fit --read_settings_files=off --write_settings_files=off Finalproject -c Finalproject
quartus_asm --read_settings_files=off --write_settings_files=off Finalproject -c Finalproject
quartus_sta Finalproject -c Finalproject
quartus_eda --read_settings_files=off --write_settings_files=off Finalproject -c Finalproject



