Analysis & Synthesis report for Finalproject
Sun Apr 24 00:27:38 2016
Quartus II 64-Bit Version 14.1.0 Build 186 12/03/2014 SJ Web Edition


---------------------
; Table of Contents ;
---------------------
  1. Legal Notice
  2. Analysis & Synthesis Summary
  3. Analysis & Synthesis Settings
  4. Parallel Compilation
  5. Analysis & Synthesis Source Files Read
  6. Analysis & Synthesis Resource Usage Summary
  7. Analysis & Synthesis Resource Utilization by Entity
  8. Analysis & Synthesis IP Cores Summary
  9. User-Specified and Inferred Latches
 10. Logic Cells Representing Combinational Loops
 11. General Register Statistics
 12. Inverted Register Statistics
 13. Multiplexer Restructuring Statistics (Restructuring Performed)
 14. Parameter Settings for User Entity Instance: sync:C1|rand:C3
 15. Parameter Settings for User Entity Instance: main_pll:C2|main_pll_pll_0:pll_0|altera_pll:altera_pll_i
 16. Port Connectivity Checks: "main_pll:C2|main_pll_pll_0:pll_0|altera_pll:altera_pll_i"
 17. Port Connectivity Checks: "main_pll:C2|main_pll_pll_0:pll_0"
 18. Port Connectivity Checks: "main_pll:C2"
 19. Post-Synthesis Netlist Statistics for Top Partition
 20. Elapsed Time Per Partition
 21. Analysis & Synthesis Messages



----------------
; Legal Notice ;
----------------
Copyright (C) 1991-2014 Altera Corporation. All rights reserved.
Your use of Altera Corporation's design tools, logic functions 
and other software and tools, and its AMPP partner logic 
functions, and any output files from any of the foregoing 
(including device programming or simulation files), and any 
associated documentation or information are expressly subject 
to the terms and conditions of the Altera Program License 
Subscription Agreement, the Altera Quartus II License Agreement,
the Altera MegaCore Function License Agreement, or other 
applicable license agreement, including, without limitation, 
that your use is for the sole purpose of programming logic 
devices manufactured by Altera and sold by Altera or its 
authorized distributors.  Please refer to the applicable 
agreement for further details.



+------------------------------------------------------------------------------+
; Analysis & Synthesis Summary                                                 ;
+---------------------------------+--------------------------------------------+
; Analysis & Synthesis Status     ; Successful - Sun Apr 24 00:27:37 2016      ;
; Quartus II 64-Bit Version       ; 14.1.0 Build 186 12/03/2014 SJ Web Edition ;
; Revision Name                   ; Finalproject                               ;
; Top-level Entity Name           ; VGA                                        ;
; Family                          ; Cyclone V                                  ;
; Logic utilization (in ALMs)     ; N/A                                        ;
; Total registers                 ; 50                                         ;
; Total pins                      ; 35                                         ;
; Total virtual pins              ; 0                                          ;
; Total block memory bits         ; 0                                          ;
; Total DSP Blocks                ; 0                                          ;
; Total HSSI RX PCSs              ; 0                                          ;
; Total HSSI PMA RX Deserializers ; 0                                          ;
; Total HSSI TX PCSs              ; 0                                          ;
; Total HSSI PMA TX Serializers   ; 0                                          ;
; Total PLLs                      ; 1                                          ;
; Total DLLs                      ; 0                                          ;
+---------------------------------+--------------------------------------------+


+---------------------------------------------------------------------------------------------------------------------------+
; Analysis & Synthesis Settings                                                                                             ;
+---------------------------------------------------------------------------------+--------------------+--------------------+
; Option                                                                          ; Setting            ; Default Value      ;
+---------------------------------------------------------------------------------+--------------------+--------------------+
; Device                                                                          ; 5CSEMA5F31C6       ;                    ;
; Top-level entity name                                                           ; VGA                ; Finalproject       ;
; Family name                                                                     ; Cyclone V          ; Cyclone IV GX      ;
; Use smart compilation                                                           ; Off                ; Off                ;
; Enable parallel Assembler and TimeQuest Timing Analyzer during compilation      ; On                 ; On                 ;
; Enable compact report table                                                     ; Off                ; Off                ;
; Restructure Multiplexers                                                        ; Auto               ; Auto               ;
; MLAB Add Timing Constraints For Mixed-Port Feed-Through Mode Setting Don't Care ; Off                ; Off                ;
; Create Debugging Nodes for IP Cores                                             ; Off                ; Off                ;
; Preserve fewer node names                                                       ; On                 ; On                 ;
; Disable OpenCore Plus hardware evaluation                                       ; Off                ; Off                ;
; Verilog Version                                                                 ; Verilog_2001       ; Verilog_2001       ;
; VHDL Version                                                                    ; VHDL_1993          ; VHDL_1993          ;
; State Machine Processing                                                        ; Auto               ; Auto               ;
; Safe State Machine                                                              ; Off                ; Off                ;
; Extract Verilog State Machines                                                  ; On                 ; On                 ;
; Extract VHDL State Machines                                                     ; On                 ; On                 ;
; Ignore Verilog initial constructs                                               ; Off                ; Off                ;
; Iteration limit for constant Verilog loops                                      ; 5000               ; 5000               ;
; Iteration limit for non-constant Verilog loops                                  ; 250                ; 250                ;
; Add Pass-Through Logic to Inferred RAMs                                         ; On                 ; On                 ;
; Infer RAMs from Raw Logic                                                       ; On                 ; On                 ;
; Parallel Synthesis                                                              ; On                 ; On                 ;
; DSP Block Balancing                                                             ; Auto               ; Auto               ;
; NOT Gate Push-Back                                                              ; On                 ; On                 ;
; Power-Up Don't Care                                                             ; On                 ; On                 ;
; Remove Redundant Logic Cells                                                    ; Off                ; Off                ;
; Remove Duplicate Registers                                                      ; On                 ; On                 ;
; Ignore CARRY Buffers                                                            ; Off                ; Off                ;
; Ignore CASCADE Buffers                                                          ; Off                ; Off                ;
; Ignore GLOBAL Buffers                                                           ; Off                ; Off                ;
; Ignore ROW GLOBAL Buffers                                                       ; Off                ; Off                ;
; Ignore LCELL Buffers                                                            ; Off                ; Off                ;
; Ignore SOFT Buffers                                                             ; On                 ; On                 ;
; Limit AHDL Integers to 32 Bits                                                  ; Off                ; Off                ;
; Optimization Technique                                                          ; Balanced           ; Balanced           ;
; Carry Chain Length                                                              ; 70                 ; 70                 ;
; Auto Carry Chains                                                               ; On                 ; On                 ;
; Auto Open-Drain Pins                                                            ; On                 ; On                 ;
; Perform WYSIWYG Primitive Resynthesis                                           ; Off                ; Off                ;
; Auto ROM Replacement                                                            ; On                 ; On                 ;
; Auto RAM Replacement                                                            ; On                 ; On                 ;
; Auto DSP Block Replacement                                                      ; On                 ; On                 ;
; Auto Shift Register Replacement                                                 ; Auto               ; Auto               ;
; Allow Shift Register Merging across Hierarchies                                 ; Auto               ; Auto               ;
; Auto Clock Enable Replacement                                                   ; On                 ; On                 ;
; Strict RAM Replacement                                                          ; Off                ; Off                ;
; Allow Synchronous Control Signals                                               ; On                 ; On                 ;
; Force Use of Synchronous Clear Signals                                          ; Off                ; Off                ;
; Auto Resource Sharing                                                           ; Off                ; Off                ;
; Allow Any RAM Size For Recognition                                              ; Off                ; Off                ;
; Allow Any ROM Size For Recognition                                              ; Off                ; Off                ;
; Allow Any Shift Register Size For Recognition                                   ; Off                ; Off                ;
; Use LogicLock Constraints during Resource Balancing                             ; On                 ; On                 ;
; Ignore translate_off and synthesis_off directives                               ; Off                ; Off                ;
; Timing-Driven Synthesis                                                         ; On                 ; On                 ;
; Report Parameter Settings                                                       ; On                 ; On                 ;
; Report Source Assignments                                                       ; On                 ; On                 ;
; Report Connectivity Checks                                                      ; On                 ; On                 ;
; Ignore Maximum Fan-Out Assignments                                              ; Off                ; Off                ;
; Synchronization Register Chain Length                                           ; 3                  ; 3                  ;
; PowerPlay Power Optimization During Synthesis                                   ; Normal compilation ; Normal compilation ;
; HDL message level                                                               ; Level2             ; Level2             ;
; Suppress Register Optimization Related Messages                                 ; Off                ; Off                ;
; Number of Removed Registers Reported in Synthesis Report                        ; 5000               ; 5000               ;
; Number of Swept Nodes Reported in Synthesis Report                              ; 5000               ; 5000               ;
; Number of Inverted Registers Reported in Synthesis Report                       ; 100                ; 100                ;
; Clock MUX Protection                                                            ; On                 ; On                 ;
; Auto Gated Clock Conversion                                                     ; Off                ; Off                ;
; Block Design Naming                                                             ; Auto               ; Auto               ;
; SDC constraint protection                                                       ; Off                ; Off                ;
; Synthesis Effort                                                                ; Auto               ; Auto               ;
; Shift Register Replacement - Allow Asynchronous Clear Signal                    ; On                 ; On                 ;
; Pre-Mapping Resynthesis Optimization                                            ; Off                ; Off                ;
; Analysis & Synthesis Message Level                                              ; Medium             ; Medium             ;
; Disable Register Merging Across Hierarchies                                     ; Auto               ; Auto               ;
; Resource Aware Inference For Block RAM                                          ; On                 ; On                 ;
; Synthesis Seed                                                                  ; 1                  ; 1                  ;
; Automatic Parallel Synthesis                                                    ; On                 ; On                 ;
; Partial Reconfiguration Bitstream ID                                            ; Off                ; Off                ;
+---------------------------------------------------------------------------------+--------------------+--------------------+


+------------------------------------------+
; Parallel Compilation                     ;
+----------------------------+-------------+
; Processors                 ; Number      ;
+----------------------------+-------------+
; Number detected on machine ; 4           ;
; Maximum allowed            ; 2           ;
;                            ;             ;
; Average used               ; 1.00        ;
; Maximum used               ; 1           ;
;                            ;             ;
; Usage by Processor         ; % Time Used ;
;     Processor 1            ; 100.0%      ;
;     Processors 2-4         ;   0.0%      ;
+----------------------------+-------------+


+------------------------------------------------------------------------------------------------------------------------------------------------------------------------+
; Analysis & Synthesis Source Files Read                                                                                                                                 ;
+-----------------------------------------------+-----------------+------------------------+------------------------------------------------------------------+----------+
; File Name with User-Entered Path              ; Used in Netlist ; File Type              ; File Name with Absolute Path                                     ; Library  ;
+-----------------------------------------------+-----------------+------------------------+------------------------------------------------------------------+----------+
; pll_new/synthesis/main_pll.vhd                ; yes             ; User VHDL File         ; C:/Altera_projects/pll_new/synthesis/main_pll.vhd                ; main_pll ;
; pll_new/synthesis/submodules/main_pll_pll_0.v ; yes             ; User Verilog HDL File  ; C:/Altera_projects/pll_new/synthesis/submodules/main_pll_pll_0.v ; main_pll ;
; VGA.vhd                                       ; yes             ; User VHDL File         ; C:/Altera_projects/VGA.vhd                                       ;          ;
; sync.vhd                                      ; yes             ; User VHDL File         ; C:/Altera_projects/sync.vhd                                      ;          ;
; SCREEN.vhd                                    ; yes             ; User VHDL File         ; C:/Altera_projects/SCREEN.vhd                                    ;          ;
; rand.vhd                                      ; yes             ; User VHDL File         ; C:/Altera_projects/rand.vhd                                      ;          ;
; altera_pll.v                                  ; yes             ; Megafunction           ; c:/altera/14.1/quartus/libraries/megafunctions/altera_pll.v      ;          ;
+-----------------------------------------------+-----------------+------------------------+------------------------------------------------------------------+----------+


+-----------------------------------------------------------------------------------------------------------------------+
; Analysis & Synthesis Resource Usage Summary                                                                           ;
+---------------------------------------------+-------------------------------------------------------------------------+
; Resource                                    ; Usage                                                                   ;
+---------------------------------------------+-------------------------------------------------------------------------+
; Estimate of Logic utilization (ALMs needed) ; 95                                                                      ;
;                                             ;                                                                         ;
; Combinational ALUT usage for logic          ; 162                                                                     ;
;     -- 7 input functions                    ; 0                                                                       ;
;     -- 6 input functions                    ; 24                                                                      ;
;     -- 5 input functions                    ; 10                                                                      ;
;     -- 4 input functions                    ; 16                                                                      ;
;     -- <=3 input functions                  ; 112                                                                     ;
;                                             ;                                                                         ;
; Dedicated logic registers                   ; 50                                                                      ;
;                                             ;                                                                         ;
; I/O pins                                    ; 35                                                                      ;
;                                             ;                                                                         ;
; Total DSP Blocks                            ; 0                                                                       ;
;                                             ;                                                                         ;
; Total PLLs                                  ; 1                                                                       ;
;     -- PLLs                                 ; 1                                                                       ;
;                                             ;                                                                         ;
; Maximum fan-out node                        ; main_pll:C2|main_pll_pll_0:pll_0|altera_pll:altera_pll_i|outclk_wire[0] ;
; Maximum fan-out                             ; 52                                                                      ;
; Total fan-out                               ; 738                                                                     ;
; Average fan-out                             ; 2.61                                                                    ;
+---------------------------------------------+-------------------------------------------------------------------------+


+-------------------------------------------------------------------------------------------------------------------------------------------------------------------------------------------------------------+
; Analysis & Synthesis Resource Utilization by Entity                                                                                                                                                         ;
+------------------------------------+-------------------+--------------+-------------------+------------+------+--------------+---------------------------------------------------------------+--------------+
; Compilation Hierarchy Node         ; LC Combinationals ; LC Registers ; Block Memory Bits ; DSP Blocks ; Pins ; Virtual Pins ; Full Hierarchy Name                                           ; Library Name ;
+------------------------------------+-------------------+--------------+-------------------+------------+------+--------------+---------------------------------------------------------------+--------------+
; |VGA                               ; 162 (0)           ; 50 (0)       ; 0                 ; 0          ; 35   ; 0            ; |VGA                                                          ; work         ;
;    |main_pll:C2|                   ; 0 (0)             ; 0 (0)        ; 0                 ; 0          ; 0    ; 0            ; |VGA|main_pll:C2                                              ; main_pll     ;
;       |main_pll_pll_0:pll_0|       ; 0 (0)             ; 0 (0)        ; 0                 ; 0          ; 0    ; 0            ; |VGA|main_pll:C2|main_pll_pll_0:pll_0                         ; main_pll     ;
;          |altera_pll:altera_pll_i| ; 0 (0)             ; 0 (0)        ; 0                 ; 0          ; 0    ; 0            ; |VGA|main_pll:C2|main_pll_pll_0:pll_0|altera_pll:altera_pll_i ; work         ;
;    |sync:C1|                       ; 162 (161)         ; 50 (46)      ; 0                 ; 0          ; 0    ; 0            ; |VGA|sync:C1                                                  ; work         ;
;       |rand:C3|                    ; 1 (1)             ; 4 (4)        ; 0                 ; 0          ; 0    ; 0            ; |VGA|sync:C1|rand:C3                                          ; work         ;
+------------------------------------+-------------------+--------------+-------------------+------------+------+--------------+---------------------------------------------------------------+--------------+
Note: For table entries with two numbers listed, the numbers in parentheses indicate the number of resources of the given type used by the specific entity alone. The numbers listed outside of parentheses indicate the total resources of the given type used by the specific entity and all of its sub-entities in the hierarchy.


+-------------------------------------------------------------------------------------------------------------------------+
; Analysis & Synthesis IP Cores Summary                                                                                   ;
+--------+--------------+---------+--------------+--------------+---------------------------------------+-----------------+
; Vendor ; IP Core Name ; Version ; Release Date ; License Type ; Entity Instance                       ; IP Include File ;
+--------+--------------+---------+--------------+--------------+---------------------------------------+-----------------+
; N/A    ; Qsys         ; 14.1    ; N/A          ; N/A          ; |VGA|main_pll:C2                      ; main_pll.qsys   ;
; Altera ; altera_pll   ; 14.1    ; N/A          ; N/A          ; |VGA|main_pll:C2|main_pll_pll_0:pll_0 ; main_pll.qsys   ;
+--------+--------------+---------+--------------+--------------+---------------------------------------+-----------------+


+-----------------------------------------------------------------------------------------------------+
; User-Specified and Inferred Latches                                                                 ;
+-----------------------------------------------------+----------------------+------------------------+
; Latch Name                                          ; Latch Enable Signal  ; Free of Timing Hazards ;
+-----------------------------------------------------+----------------------+------------------------+
; sync:C1|LED0                                        ; sync:C1|process_0    ; yes                    ;
; sync:C1|FFLAG                                       ; sync:C1|process_0    ; yes                    ;
; sync:C1|LOCATION[10]                                ; sync:C1|FLAG         ; yes                    ;
; sync:C1|LOCATION[7]                                 ; sync:C1|FLAG         ; yes                    ;
; sync:C1|LOCATION[1]                                 ; sync:C1|FLAG         ; yes                    ;
; sync:C1|LOCATION[4]                                 ; sync:C1|FLAG         ; yes                    ;
; sync:C1|LOCATION[9]                                 ; sync:C1|FLAG         ; yes                    ;
; sync:C1|LOCATION[6]                                 ; sync:C1|FLAG         ; yes                    ;
; sync:C1|LOCATION[0]                                 ; sync:C1|FLAG         ; yes                    ;
; sync:C1|LOCATION[3]                                 ; sync:C1|FLAG         ; yes                    ;
; sync:C1|COUNTER16[31]                               ; sync:C1|COUNTER16[0] ; yes                    ;
; sync:C1|COUNTER16[4]                                ; sync:C1|COUNTER16[0] ; yes                    ;
; sync:C1|COUNTER16[5]                                ; sync:C1|COUNTER16[0] ; yes                    ;
; sync:C1|COUNTER16[6]                                ; sync:C1|COUNTER16[0] ; yes                    ;
; sync:C1|COUNTER16[7]                                ; sync:C1|COUNTER16[0] ; yes                    ;
; sync:C1|COUNTER16[8]                                ; sync:C1|COUNTER16[0] ; yes                    ;
; sync:C1|COUNTER16[9]                                ; sync:C1|COUNTER16[0] ; yes                    ;
; sync:C1|COUNTER16[10]                               ; sync:C1|COUNTER16[0] ; yes                    ;
; sync:C1|COUNTER16[11]                               ; sync:C1|COUNTER16[0] ; yes                    ;
; sync:C1|COUNTER16[12]                               ; sync:C1|COUNTER16[0] ; yes                    ;
; sync:C1|COUNTER16[13]                               ; sync:C1|COUNTER16[0] ; yes                    ;
; sync:C1|COUNTER16[14]                               ; sync:C1|COUNTER16[0] ; yes                    ;
; sync:C1|COUNTER16[15]                               ; sync:C1|COUNTER16[0] ; yes                    ;
; sync:C1|COUNTER16[16]                               ; sync:C1|COUNTER16[0] ; yes                    ;
; sync:C1|COUNTER16[17]                               ; sync:C1|COUNTER16[0] ; yes                    ;
; sync:C1|COUNTER16[18]                               ; sync:C1|COUNTER16[0] ; yes                    ;
; sync:C1|COUNTER16[19]                               ; sync:C1|COUNTER16[0] ; yes                    ;
; sync:C1|COUNTER16[20]                               ; sync:C1|COUNTER16[0] ; yes                    ;
; sync:C1|COUNTER16[21]                               ; sync:C1|COUNTER16[0] ; yes                    ;
; sync:C1|COUNTER16[22]                               ; sync:C1|COUNTER16[0] ; yes                    ;
; sync:C1|COUNTER16[23]                               ; sync:C1|COUNTER16[0] ; yes                    ;
; sync:C1|COUNTER16[24]                               ; sync:C1|COUNTER16[0] ; yes                    ;
; sync:C1|COUNTER16[25]                               ; sync:C1|COUNTER16[0] ; yes                    ;
; sync:C1|COUNTER16[26]                               ; sync:C1|COUNTER16[0] ; yes                    ;
; sync:C1|COUNTER16[27]                               ; sync:C1|COUNTER16[0] ; yes                    ;
; sync:C1|COUNTER16[28]                               ; sync:C1|COUNTER16[0] ; yes                    ;
; sync:C1|COUNTER16[29]                               ; sync:C1|COUNTER16[0] ; yes                    ;
; sync:C1|COUNTER16[30]                               ; sync:C1|COUNTER16[0] ; yes                    ;
; sync:C1|COUNTER16[3]                                ; sync:C1|COUNTER16[0] ; yes                    ;
; sync:C1|COUNTER16[1]                                ; sync:C1|COUNTER16[0] ; yes                    ;
; sync:C1|COUNTER16[2]                                ; sync:C1|COUNTER16[0] ; yes                    ;
; sync:C1|REDPOS[0]                                   ; sync:C1|FLAG         ; yes                    ;
; sync:C1|REDPOS[1]                                   ; sync:C1|FLAG         ; yes                    ;
; sync:C1|REDPOS[2]                                   ; sync:C1|FLAG         ; yes                    ;
; sync:C1|REDPOS[3]                                   ; sync:C1|FLAG         ; yes                    ;
; sync:C1|COUNTER16[0]                                ; sync:C1|COUNTER16[0] ; yes                    ;
; Number of user-specified and inferred latches = 46  ;                      ;                        ;
+-----------------------------------------------------+----------------------+------------------------+
Note: All latches listed above may not be present at the end of synthesis due to various synthesis optimizations.


+------------------------------------------------------------+
; Logic Cells Representing Combinational Loops               ;
+--------------------------------------------------------+---+
; Logic Cell Name                                        ;   ;
+--------------------------------------------------------+---+
; sync:C1|FLAG~0                                         ;   ;
; Number of logic cells representing combinational loops ; 1 ;
+--------------------------------------------------------+---+
Note: All cells listed above may not be present at the end of synthesis due to various synthesis optimizations.


+------------------------------------------------------+
; General Register Statistics                          ;
+----------------------------------------------+-------+
; Statistic                                    ; Value ;
+----------------------------------------------+-------+
; Total registers                              ; 50    ;
; Number of registers using Synchronous Clear  ; 20    ;
; Number of registers using Synchronous Load   ; 0     ;
; Number of registers using Asynchronous Clear ; 0     ;
; Number of registers using Asynchronous Load  ; 0     ;
; Number of registers using Clock Enable       ; 20    ;
; Number of registers using Preset             ; 0     ;
+----------------------------------------------+-------+


+--------------------------------------------------+
; Inverted Register Statistics                     ;
+----------------------------------------+---------+
; Inverted Register                      ; Fan out ;
+----------------------------------------+---------+
; sync:C1|rand:C3|rand_temp[3]           ; 12      ;
; Total number of inverted registers = 1 ;         ;
+----------------------------------------+---------+


+------------------------------------------------------------------------------------------------------------------------------------------+
; Multiplexer Restructuring Statistics (Restructuring Performed)                                                                           ;
+--------------------+-----------+---------------+----------------------+------------------------+------------+----------------------------+
; Multiplexer Inputs ; Bus Width ; Baseline Area ; Area if Restructured ; Saving if Restructured ; Registered ; Example Multiplexer Output ;
+--------------------+-----------+---------------+----------------------+------------------------+------------+----------------------------+
; 3:1                ; 10 bits   ; 20 LEs        ; 0 LEs                ; 20 LEs                 ; Yes        ; |VGA|sync:C1|HPOS[9]       ;
; 7:1                ; 2 bits    ; 8 LEs         ; 8 LEs                ; 0 LEs                  ; No         ; |VGA|sync:C1|G             ;
+--------------------+-----------+---------------+----------------------+------------------------+------------+----------------------------+


+--------------------------------------------------------------+
; Parameter Settings for User Entity Instance: sync:C1|rand:C3 ;
+----------------+-------+-------------------------------------+
; Parameter Name ; Value ; Type                                ;
+----------------+-------+-------------------------------------+
; width          ; 4     ; Signed Integer                      ;
+----------------+-------+-------------------------------------+
Note: In order to hide this table in the UI and the text report file, please set the "Show Parameter Settings in Synthesis Report" option in "Analysis and Synthesis Settings -> More Settings" to "Off".


+-------------------------------------------------------------------------------------------------------+
; Parameter Settings for User Entity Instance: main_pll:C2|main_pll_pll_0:pll_0|altera_pll:altera_pll_i ;
+--------------------------------------+------------------------+---------------------------------------+
; Parameter Name                       ; Value                  ; Type                                  ;
+--------------------------------------+------------------------+---------------------------------------+
; reference_clock_frequency            ; 50.0 MHz               ; String                                ;
; fractional_vco_multiplier            ; true                   ; String                                ;
; pll_type                             ; General                ; String                                ;
; pll_subtype                          ; General                ; String                                ;
; number_of_clocks                     ; 1                      ; Signed Integer                        ;
; operation_mode                       ; direct                 ; String                                ;
; deserialization_factor               ; 4                      ; Signed Integer                        ;
; data_rate                            ; 0                      ; Signed Integer                        ;
; sim_additional_refclk_cycles_to_lock ; 0                      ; Signed Integer                        ;
; output_clock_frequency0              ; 25.175000 MHz          ; String                                ;
; phase_shift0                         ; 0 ps                   ; String                                ;
; duty_cycle0                          ; 50                     ; Signed Integer                        ;
; output_clock_frequency1              ; 0 MHz                  ; String                                ;
; phase_shift1                         ; 0 ps                   ; String                                ;
; duty_cycle1                          ; 50                     ; Signed Integer                        ;
; output_clock_frequency2              ; 0 MHz                  ; String                                ;
; phase_shift2                         ; 0 ps                   ; String                                ;
; duty_cycle2                          ; 50                     ; Signed Integer                        ;
; output_clock_frequency3              ; 0 MHz                  ; String                                ;
; phase_shift3                         ; 0 ps                   ; String                                ;
; duty_cycle3                          ; 50                     ; Signed Integer                        ;
; output_clock_frequency4              ; 0 MHz                  ; String                                ;
; phase_shift4                         ; 0 ps                   ; String                                ;
; duty_cycle4                          ; 50                     ; Signed Integer                        ;
; output_clock_frequency5              ; 0 MHz                  ; String                                ;
; phase_shift5                         ; 0 ps                   ; String                                ;
; duty_cycle5                          ; 50                     ; Signed Integer                        ;
; output_clock_frequency6              ; 0 MHz                  ; String                                ;
; phase_shift6                         ; 0 ps                   ; String                                ;
; duty_cycle6                          ; 50                     ; Signed Integer                        ;
; output_clock_frequency7              ; 0 MHz                  ; String                                ;
; phase_shift7                         ; 0 ps                   ; String                                ;
; duty_cycle7                          ; 50                     ; Signed Integer                        ;
; output_clock_frequency8              ; 0 MHz                  ; String                                ;
; phase_shift8                         ; 0 ps                   ; String                                ;
; duty_cycle8                          ; 50                     ; Signed Integer                        ;
; output_clock_frequency9              ; 0 MHz                  ; String                                ;
; phase_shift9                         ; 0 ps                   ; String                                ;
; duty_cycle9                          ; 50                     ; Signed Integer                        ;
; output_clock_frequency10             ; 0 MHz                  ; String                                ;
; phase_shift10                        ; 0 ps                   ; String                                ;
; duty_cycle10                         ; 50                     ; Signed Integer                        ;
; output_clock_frequency11             ; 0 MHz                  ; String                                ;
; phase_shift11                        ; 0 ps                   ; String                                ;
; duty_cycle11                         ; 50                     ; Signed Integer                        ;
; output_clock_frequency12             ; 0 MHz                  ; String                                ;
; phase_shift12                        ; 0 ps                   ; String                                ;
; duty_cycle12                         ; 50                     ; Signed Integer                        ;
; output_clock_frequency13             ; 0 MHz                  ; String                                ;
; phase_shift13                        ; 0 ps                   ; String                                ;
; duty_cycle13                         ; 50                     ; Signed Integer                        ;
; output_clock_frequency14             ; 0 MHz                  ; String                                ;
; phase_shift14                        ; 0 ps                   ; String                                ;
; duty_cycle14                         ; 50                     ; Signed Integer                        ;
; output_clock_frequency15             ; 0 MHz                  ; String                                ;
; phase_shift15                        ; 0 ps                   ; String                                ;
; duty_cycle15                         ; 50                     ; Signed Integer                        ;
; output_clock_frequency16             ; 0 MHz                  ; String                                ;
; phase_shift16                        ; 0 ps                   ; String                                ;
; duty_cycle16                         ; 50                     ; Signed Integer                        ;
; output_clock_frequency17             ; 0 MHz                  ; String                                ;
; phase_shift17                        ; 0 ps                   ; String                                ;
; duty_cycle17                         ; 50                     ; Signed Integer                        ;
; clock_name_0                         ;                        ; String                                ;
; clock_name_1                         ;                        ; String                                ;
; clock_name_2                         ;                        ; String                                ;
; clock_name_3                         ;                        ; String                                ;
; clock_name_4                         ;                        ; String                                ;
; clock_name_5                         ;                        ; String                                ;
; clock_name_6                         ;                        ; String                                ;
; clock_name_7                         ;                        ; String                                ;
; clock_name_8                         ;                        ; String                                ;
; clock_name_global_0                  ; false                  ; String                                ;
; clock_name_global_1                  ; false                  ; String                                ;
; clock_name_global_2                  ; false                  ; String                                ;
; clock_name_global_3                  ; false                  ; String                                ;
; clock_name_global_4                  ; false                  ; String                                ;
; clock_name_global_5                  ; false                  ; String                                ;
; clock_name_global_6                  ; false                  ; String                                ;
; clock_name_global_7                  ; false                  ; String                                ;
; clock_name_global_8                  ; false                  ; String                                ;
; m_cnt_hi_div                         ; 1                      ; Signed Integer                        ;
; m_cnt_lo_div                         ; 1                      ; Signed Integer                        ;
; m_cnt_bypass_en                      ; false                  ; String                                ;
; m_cnt_odd_div_duty_en                ; false                  ; String                                ;
; n_cnt_hi_div                         ; 1                      ; Signed Integer                        ;
; n_cnt_lo_div                         ; 1                      ; Signed Integer                        ;
; n_cnt_bypass_en                      ; false                  ; String                                ;
; n_cnt_odd_div_duty_en                ; false                  ; String                                ;
; c_cnt_hi_div0                        ; 1                      ; Signed Integer                        ;
; c_cnt_lo_div0                        ; 1                      ; Signed Integer                        ;
; c_cnt_bypass_en0                     ; false                  ; String                                ;
; c_cnt_in_src0                        ; ph_mux_clk             ; String                                ;
; c_cnt_odd_div_duty_en0               ; false                  ; String                                ;
; c_cnt_prst0                          ; 1                      ; Signed Integer                        ;
; c_cnt_ph_mux_prst0                   ; 0                      ; Signed Integer                        ;
; c_cnt_hi_div1                        ; 1                      ; Signed Integer                        ;
; c_cnt_lo_div1                        ; 1                      ; Signed Integer                        ;
; c_cnt_bypass_en1                     ; false                  ; String                                ;
; c_cnt_in_src1                        ; ph_mux_clk             ; String                                ;
; c_cnt_odd_div_duty_en1               ; false                  ; String                                ;
; c_cnt_prst1                          ; 1                      ; Signed Integer                        ;
; c_cnt_ph_mux_prst1                   ; 0                      ; Signed Integer                        ;
; c_cnt_hi_div2                        ; 1                      ; Signed Integer                        ;
; c_cnt_lo_div2                        ; 1                      ; Signed Integer                        ;
; c_cnt_bypass_en2                     ; false                  ; String                                ;
; c_cnt_in_src2                        ; ph_mux_clk             ; String                                ;
; c_cnt_odd_div_duty_en2               ; false                  ; String                                ;
; c_cnt_prst2                          ; 1                      ; Signed Integer                        ;
; c_cnt_ph_mux_prst2                   ; 0                      ; Signed Integer                        ;
; c_cnt_hi_div3                        ; 1                      ; Signed Integer                        ;
; c_cnt_lo_div3                        ; 1                      ; Signed Integer                        ;
; c_cnt_bypass_en3                     ; false                  ; String                                ;
; c_cnt_in_src3                        ; ph_mux_clk             ; String                                ;
; c_cnt_odd_div_duty_en3               ; false                  ; String                                ;
; c_cnt_prst3                          ; 1                      ; Signed Integer                        ;
; c_cnt_ph_mux_prst3                   ; 0                      ; Signed Integer                        ;
; c_cnt_hi_div4                        ; 1                      ; Signed Integer                        ;
; c_cnt_lo_div4                        ; 1                      ; Signed Integer                        ;
; c_cnt_bypass_en4                     ; false                  ; String                                ;
; c_cnt_in_src4                        ; ph_mux_clk             ; String                                ;
; c_cnt_odd_div_duty_en4               ; false                  ; String                                ;
; c_cnt_prst4                          ; 1                      ; Signed Integer                        ;
; c_cnt_ph_mux_prst4                   ; 0                      ; Signed Integer                        ;
; c_cnt_hi_div5                        ; 1                      ; Signed Integer                        ;
; c_cnt_lo_div5                        ; 1                      ; Signed Integer                        ;
; c_cnt_bypass_en5                     ; false                  ; String                                ;
; c_cnt_in_src5                        ; ph_mux_clk             ; String                                ;
; c_cnt_odd_div_duty_en5               ; false                  ; String                                ;
; c_cnt_prst5                          ; 1                      ; Signed Integer                        ;
; c_cnt_ph_mux_prst5                   ; 0                      ; Signed Integer                        ;
; c_cnt_hi_div6                        ; 1                      ; Signed Integer                        ;
; c_cnt_lo_div6                        ; 1                      ; Signed Integer                        ;
; c_cnt_bypass_en6                     ; false                  ; String                                ;
; c_cnt_in_src6                        ; ph_mux_clk             ; String                                ;
; c_cnt_odd_div_duty_en6               ; false                  ; String                                ;
; c_cnt_prst6                          ; 1                      ; Signed Integer                        ;
; c_cnt_ph_mux_prst6                   ; 0                      ; Signed Integer                        ;
; c_cnt_hi_div7                        ; 1                      ; Signed Integer                        ;
; c_cnt_lo_div7                        ; 1                      ; Signed Integer                        ;
; c_cnt_bypass_en7                     ; false                  ; String                                ;
; c_cnt_in_src7                        ; ph_mux_clk             ; String                                ;
; c_cnt_odd_div_duty_en7               ; false                  ; String                                ;
; c_cnt_prst7                          ; 1                      ; Signed Integer                        ;
; c_cnt_ph_mux_prst7                   ; 0                      ; Signed Integer                        ;
; c_cnt_hi_div8                        ; 1                      ; Signed Integer                        ;
; c_cnt_lo_div8                        ; 1                      ; Signed Integer                        ;
; c_cnt_bypass_en8                     ; false                  ; String                                ;
; c_cnt_in_src8                        ; ph_mux_clk             ; String                                ;
; c_cnt_odd_div_duty_en8               ; false                  ; String                                ;
; c_cnt_prst8                          ; 1                      ; Signed Integer                        ;
; c_cnt_ph_mux_prst8                   ; 0                      ; Signed Integer                        ;
; c_cnt_hi_div9                        ; 1                      ; Signed Integer                        ;
; c_cnt_lo_div9                        ; 1                      ; Signed Integer                        ;
; c_cnt_bypass_en9                     ; false                  ; String                                ;
; c_cnt_in_src9                        ; ph_mux_clk             ; String                                ;
; c_cnt_odd_div_duty_en9               ; false                  ; String                                ;
; c_cnt_prst9                          ; 1                      ; Signed Integer                        ;
; c_cnt_ph_mux_prst9                   ; 0                      ; Signed Integer                        ;
; c_cnt_hi_div10                       ; 1                      ; Signed Integer                        ;
; c_cnt_lo_div10                       ; 1                      ; Signed Integer                        ;
; c_cnt_bypass_en10                    ; false                  ; String                                ;
; c_cnt_in_src10                       ; ph_mux_clk             ; String                                ;
; c_cnt_odd_div_duty_en10              ; false                  ; String                                ;
; c_cnt_prst10                         ; 1                      ; Signed Integer                        ;
; c_cnt_ph_mux_prst10                  ; 0                      ; Signed Integer                        ;
; c_cnt_hi_div11                       ; 1                      ; Signed Integer                        ;
; c_cnt_lo_div11                       ; 1                      ; Signed Integer                        ;
; c_cnt_bypass_en11                    ; false                  ; String                                ;
; c_cnt_in_src11                       ; ph_mux_clk             ; String                                ;
; c_cnt_odd_div_duty_en11              ; false                  ; String                                ;
; c_cnt_prst11                         ; 1                      ; Signed Integer                        ;
; c_cnt_ph_mux_prst11                  ; 0                      ; Signed Integer                        ;
; c_cnt_hi_div12                       ; 1                      ; Signed Integer                        ;
; c_cnt_lo_div12                       ; 1                      ; Signed Integer                        ;
; c_cnt_bypass_en12                    ; false                  ; String                                ;
; c_cnt_in_src12                       ; ph_mux_clk             ; String                                ;
; c_cnt_odd_div_duty_en12              ; false                  ; String                                ;
; c_cnt_prst12                         ; 1                      ; Signed Integer                        ;
; c_cnt_ph_mux_prst12                  ; 0                      ; Signed Integer                        ;
; c_cnt_hi_div13                       ; 1                      ; Signed Integer                        ;
; c_cnt_lo_div13                       ; 1                      ; Signed Integer                        ;
; c_cnt_bypass_en13                    ; false                  ; String                                ;
; c_cnt_in_src13                       ; ph_mux_clk             ; String                                ;
; c_cnt_odd_div_duty_en13              ; false                  ; String                                ;
; c_cnt_prst13                         ; 1                      ; Signed Integer                        ;
; c_cnt_ph_mux_prst13                  ; 0                      ; Signed Integer                        ;
; c_cnt_hi_div14                       ; 1                      ; Signed Integer                        ;
; c_cnt_lo_div14                       ; 1                      ; Signed Integer                        ;
; c_cnt_bypass_en14                    ; false                  ; String                                ;
; c_cnt_in_src14                       ; ph_mux_clk             ; String                                ;
; c_cnt_odd_div_duty_en14              ; false                  ; String                                ;
; c_cnt_prst14                         ; 1                      ; Signed Integer                        ;
; c_cnt_ph_mux_prst14                  ; 0                      ; Signed Integer                        ;
; c_cnt_hi_div15                       ; 1                      ; Signed Integer                        ;
; c_cnt_lo_div15                       ; 1                      ; Signed Integer                        ;
; c_cnt_bypass_en15                    ; false                  ; String                                ;
; c_cnt_in_src15                       ; ph_mux_clk             ; String                                ;
; c_cnt_odd_div_duty_en15              ; false                  ; String                                ;
; c_cnt_prst15                         ; 1                      ; Signed Integer                        ;
; c_cnt_ph_mux_prst15                  ; 0                      ; Signed Integer                        ;
; c_cnt_hi_div16                       ; 1                      ; Signed Integer                        ;
; c_cnt_lo_div16                       ; 1                      ; Signed Integer                        ;
; c_cnt_bypass_en16                    ; false                  ; String                                ;
; c_cnt_in_src16                       ; ph_mux_clk             ; String                                ;
; c_cnt_odd_div_duty_en16              ; false                  ; String                                ;
; c_cnt_prst16                         ; 1                      ; Signed Integer                        ;
; c_cnt_ph_mux_prst16                  ; 0                      ; Signed Integer                        ;
; c_cnt_hi_div17                       ; 1                      ; Signed Integer                        ;
; c_cnt_lo_div17                       ; 1                      ; Signed Integer                        ;
; c_cnt_bypass_en17                    ; false                  ; String                                ;
; c_cnt_in_src17                       ; ph_mux_clk             ; String                                ;
; c_cnt_odd_div_duty_en17              ; false                  ; String                                ;
; c_cnt_prst17                         ; 1                      ; Signed Integer                        ;
; c_cnt_ph_mux_prst17                  ; 0                      ; Signed Integer                        ;
; pll_vco_div                          ; 1                      ; Signed Integer                        ;
; pll_slf_rst                          ; false                  ; String                                ;
; pll_bw_sel                           ; low                    ; String                                ;
; pll_output_clk_frequency             ; 0 MHz                  ; String                                ;
; pll_cp_current                       ; 0                      ; Signed Integer                        ;
; pll_bwctrl                           ; 0                      ; Signed Integer                        ;
; pll_fractional_division              ; 1                      ; Signed Integer                        ;
; pll_fractional_cout                  ; 24                     ; Signed Integer                        ;
; pll_dsm_out_sel                      ; 1st_order              ; String                                ;
; mimic_fbclk_type                     ; gclk                   ; String                                ;
; pll_fbclk_mux_1                      ; glb                    ; String                                ;
; pll_fbclk_mux_2                      ; fb_1                   ; String                                ;
; pll_m_cnt_in_src                     ; ph_mux_clk             ; String                                ;
; pll_vcoph_div                        ; 1                      ; Signed Integer                        ;
; refclk1_frequency                    ; 0 MHz                  ; String                                ;
; pll_clkin_0_src                      ; clk_0                  ; String                                ;
; pll_clkin_1_src                      ; clk_0                  ; String                                ;
; pll_clk_loss_sw_en                   ; false                  ; String                                ;
; pll_auto_clk_sw_en                   ; false                  ; String                                ;
; pll_manu_clk_sw_en                   ; false                  ; String                                ;
; pll_clk_sw_dly                       ; 0                      ; Signed Integer                        ;
; pll_extclk_0_cnt_src                 ; pll_extclk_cnt_src_vss ; String                                ;
; pll_extclk_1_cnt_src                 ; pll_extclk_cnt_src_vss ; String                                ;
+--------------------------------------+------------------------+---------------------------------------+
Note: In order to hide this table in the UI and the text report file, please set the "Show Parameter Settings in Synthesis Report" option in "Analysis and Synthesis Settings -> More Settings" to "Off".


+--------------------------------------------------------------------------------------------------------------------------------------------------------------------------------------+
; Port Connectivity Checks: "main_pll:C2|main_pll_pll_0:pll_0|altera_pll:altera_pll_i"                                                                                                 ;
+-------------------+--------+----------+----------------------------------------------------------------------------------------------------------------------------------------------+
; Port              ; Type   ; Severity ; Details                                                                                                                                      ;
+-------------------+--------+----------+----------------------------------------------------------------------------------------------------------------------------------------------+
; fboutclk          ; Output ; Info     ; Explicitly unconnected                                                                                                                       ;
; fbclk             ; Input  ; Info     ; Stuck at GND                                                                                                                                 ;
; refclk1           ; Input  ; Warning  ; Declared by entity but not connected by instance. If a default value exists, it will be used.  Otherwise, the port will be connected to GND. ;
; phase_en          ; Input  ; Warning  ; Declared by entity but not connected by instance. If a default value exists, it will be used.  Otherwise, the port will be connected to GND. ;
; updn              ; Input  ; Warning  ; Declared by entity but not connected by instance. If a default value exists, it will be used.  Otherwise, the port will be connected to GND. ;
; num_phase_shifts  ; Input  ; Warning  ; Declared by entity but not connected by instance. If a default value exists, it will be used.  Otherwise, the port will be connected to GND. ;
; scanclk           ; Input  ; Warning  ; Declared by entity but not connected by instance. If a default value exists, it will be used.  Otherwise, the port will be connected to GND. ;
; cntsel            ; Input  ; Warning  ; Declared by entity but not connected by instance. If a default value exists, it will be used.  Otherwise, the port will be connected to GND. ;
; reconfig_to_pll   ; Input  ; Warning  ; Declared by entity but not connected by instance. If a default value exists, it will be used.  Otherwise, the port will be connected to GND. ;
; extswitch         ; Input  ; Warning  ; Declared by entity but not connected by instance. If a default value exists, it will be used.  Otherwise, the port will be connected to GND. ;
; adjpllin          ; Input  ; Warning  ; Declared by entity but not connected by instance. If a default value exists, it will be used.  Otherwise, the port will be connected to GND. ;
; cclk              ; Input  ; Warning  ; Declared by entity but not connected by instance. If a default value exists, it will be used.  Otherwise, the port will be connected to GND. ;
; phase_done        ; Output ; Warning  ; Declared by entity but not connected by instance. Logic that only feeds a dangling port will be removed.                                     ;
; reconfig_from_pll ; Output ; Warning  ; Declared by entity but not connected by instance. Logic that only feeds a dangling port will be removed.                                     ;
; activeclk         ; Output ; Warning  ; Declared by entity but not connected by instance. Logic that only feeds a dangling port will be removed.                                     ;
; clkbad            ; Output ; Warning  ; Declared by entity but not connected by instance. Logic that only feeds a dangling port will be removed.                                     ;
; phout             ; Output ; Warning  ; Declared by entity but not connected by instance. Logic that only feeds a dangling port will be removed.                                     ;
; lvds_clk          ; Output ; Warning  ; Declared by entity but not connected by instance. Logic that only feeds a dangling port will be removed.                                     ;
; loaden            ; Output ; Warning  ; Declared by entity but not connected by instance. Logic that only feeds a dangling port will be removed.                                     ;
; extclk_out        ; Output ; Warning  ; Declared by entity but not connected by instance. Logic that only feeds a dangling port will be removed.                                     ;
; cascade_out       ; Output ; Warning  ; Declared by entity but not connected by instance. Logic that only feeds a dangling port will be removed.                                     ;
; zdbfbclk          ; Bidir  ; Warning  ; Declared by entity but not connected by instance. Logic that only feeds a dangling port will be removed.                                     ;
+-------------------+--------+----------+----------------------------------------------------------------------------------------------------------------------------------------------+


+------------------------------------------------------------------------------------------------------------------+
; Port Connectivity Checks: "main_pll:C2|main_pll_pll_0:pll_0"                                                     ;
+--------+--------+----------+-------------------------------------------------------------------------------------+
; Port   ; Type   ; Severity ; Details                                                                             ;
+--------+--------+----------+-------------------------------------------------------------------------------------+
; locked ; Output ; Info     ; Connected to dangling logic. Logic that only feeds a dangling port will be removed. ;
+--------+--------+----------+-------------------------------------------------------------------------------------+


+-----------------------------------------------+
; Port Connectivity Checks: "main_pll:C2"       ;
+-------------+-------+----------+--------------+
; Port        ; Type  ; Severity ; Details      ;
+-------------+-------+----------+--------------+
; reset_reset ; Input ; Info     ; Stuck at GND ;
+-------------+-------+----------+--------------+


+-----------------------------------------------------+
; Post-Synthesis Netlist Statistics for Top Partition ;
+-----------------------+-----------------------------+
; Type                  ; Count                       ;
+-----------------------+-----------------------------+
; arriav_ff             ; 50                          ;
;     ENA SCLR          ; 20                          ;
;     plain             ; 30                          ;
; arriav_lcell_comb     ; 163                         ;
;     arith             ; 51                          ;
;         1 data inputs ; 50                          ;
;         2 data inputs ; 1                           ;
;     normal            ; 112                         ;
;         0 data inputs ; 1                           ;
;         1 data inputs ; 1                           ;
;         2 data inputs ; 6                           ;
;         3 data inputs ; 54                          ;
;         4 data inputs ; 16                          ;
;         5 data inputs ; 10                          ;
;         6 data inputs ; 24                          ;
; boundary_port         ; 35                          ;
; generic_pll           ; 1                           ;
;                       ;                             ;
; Max LUT depth         ; 5.00                        ;
; Average LUT depth     ; 3.04                        ;
+-----------------------+-----------------------------+


+-------------------------------+
; Elapsed Time Per Partition    ;
+----------------+--------------+
; Partition Name ; Elapsed Time ;
+----------------+--------------+
; Top            ; 00:00:00     ;
+----------------+--------------+


+-------------------------------+
; Analysis & Synthesis Messages ;
+-------------------------------+
Info: *******************************************************************
Info: Running Quartus II 64-Bit Analysis & Synthesis
    Info: Version 14.1.0 Build 186 12/03/2014 SJ Web Edition
    Info: Processing started: Sun Apr 24 00:27:22 2016
Info: Command: quartus_map --read_settings_files=on --write_settings_files=off Finalproject -c Finalproject
Info (11104): Parallel Compilation has detected 4 hyper-threaded processors. However, the extra hyper-threaded processors will not be used by default. Parallel Compilation will use 2 of the 2 physical processors detected instead.
Info (12021): Found 2 design units, including 1 entities, in source file pll_new/synthesis/main_pll.vhd
    Info (12022): Found design unit 1: main_pll-rtl
    Info (12023): Found entity 1: main_pll
Info (12021): Found 1 design units, including 1 entities, in source file pll_new/synthesis/submodules/main_pll_pll_0.v
    Info (12023): Found entity 1: main_pll_pll_0
Info (12021): Found 2 design units, including 1 entities, in source file vga.vhd
    Info (12022): Found design unit 1: VGA-MAIN
    Info (12023): Found entity 1: VGA
Info (12021): Found 2 design units, including 1 entities, in source file sync.vhd
    Info (12022): Found design unit 1: SYNC-MAIN
    Info (12023): Found entity 1: sync
Info (12021): Found 2 design units, including 0 entities, in source file screen.vhd
    Info (12022): Found design unit 1: SCREEN
    Info (12022): Found design unit 2: SCREEN-body
Info (12021): Found 2 design units, including 1 entities, in source file rand.vhd
    Info (12022): Found design unit 1: rand-Behavioral
    Info (12023): Found entity 1: rand
Info (12127): Elaborating entity "VGA" for the top level hierarchy
Warning (10540): VHDL Signal Declaration warning at VGA.vhd(17): used explicit default value for signal "RESET" because signal was never assigned a value
Info (12128): Elaborating entity "sync" for hierarchy "sync:C1"
Warning (10492): VHDL Process Statement warning at sync.vhd(41): signal "SWITCH" is read inside the Process Statement but isn't in the Process Statement's sensitivity list
Warning (10492): VHDL Process Statement warning at sync.vhd(41): signal "REDPOS" is read inside the Process Statement but isn't in the Process Statement's sensitivity list
Warning (10492): VHDL Process Statement warning at sync.vhd(43): signal "COUNTER16" is read inside the Process Statement but isn't in the Process Statement's sensitivity list
Warning (10492): VHDL Process Statement warning at sync.vhd(45): signal "COUNTER16" is read inside the Process Statement but isn't in the Process Statement's sensitivity list
Warning (10492): VHDL Process Statement warning at sync.vhd(56): signal "FLAG" is read inside the Process Statement but isn't in the Process Statement's sensitivity list
Warning (10492): VHDL Process Statement warning at sync.vhd(58): signal "RANDOM_NUMBER" is read inside the Process Statement but isn't in the Process Statement's sensitivity list
Warning (10631): VHDL Process Statement warning at sync.vhd(39): inferring latch(es) for signal or variable "LED0", which holds its previous value in one or more paths through the process
Warning (10631): VHDL Process Statement warning at sync.vhd(39): inferring latch(es) for signal or variable "COUNTER16", which holds its previous value in one or more paths through the process
Warning (10631): VHDL Process Statement warning at sync.vhd(39): inferring latch(es) for signal or variable "FFLAG", which holds its previous value in one or more paths through the process
Warning (10631): VHDL Process Statement warning at sync.vhd(39): inferring latch(es) for signal or variable "LOCATION", which holds its previous value in one or more paths through the process
Warning (10631): VHDL Process Statement warning at sync.vhd(39): inferring latch(es) for signal or variable "REDPOS", which holds its previous value in one or more paths through the process
Info (10041): Inferred latch for "REDPOS[0]" at sync.vhd(39)
Info (10041): Inferred latch for "REDPOS[1]" at sync.vhd(39)
Info (10041): Inferred latch for "REDPOS[2]" at sync.vhd(39)
Info (10041): Inferred latch for "REDPOS[3]" at sync.vhd(39)
Info (10041): Inferred latch for "LOCATION[0]" at sync.vhd(39)
Info (10041): Inferred latch for "LOCATION[1]" at sync.vhd(39)
Info (10041): Inferred latch for "LOCATION[2]" at sync.vhd(39)
Info (10041): Inferred latch for "LOCATION[3]" at sync.vhd(39)
Info (10041): Inferred latch for "LOCATION[4]" at sync.vhd(39)
Info (10041): Inferred latch for "LOCATION[5]" at sync.vhd(39)
Info (10041): Inferred latch for "LOCATION[6]" at sync.vhd(39)
Info (10041): Inferred latch for "LOCATION[7]" at sync.vhd(39)
Info (10041): Inferred latch for "LOCATION[8]" at sync.vhd(39)
Info (10041): Inferred latch for "LOCATION[9]" at sync.vhd(39)
Info (10041): Inferred latch for "LOCATION[10]" at sync.vhd(39)
Info (10041): Inferred latch for "LOCATION[11]" at sync.vhd(39)
Info (10041): Inferred latch for "FFLAG" at sync.vhd(39)
Info (10041): Inferred latch for "COUNTER16[0]" at sync.vhd(39)
Info (10041): Inferred latch for "COUNTER16[1]" at sync.vhd(39)
Info (10041): Inferred latch for "COUNTER16[2]" at sync.vhd(39)
Info (10041): Inferred latch for "COUNTER16[3]" at sync.vhd(39)
Info (10041): Inferred latch for "COUNTER16[4]" at sync.vhd(39)
Info (10041): Inferred latch for "COUNTER16[5]" at sync.vhd(39)
Info (10041): Inferred latch for "COUNTER16[6]" at sync.vhd(39)
Info (10041): Inferred latch for "COUNTER16[7]" at sync.vhd(39)
Info (10041): Inferred latch for "COUNTER16[8]" at sync.vhd(39)
Info (10041): Inferred latch for "COUNTER16[9]" at sync.vhd(39)
Info (10041): Inferred latch for "COUNTER16[10]" at sync.vhd(39)
Info (10041): Inferred latch for "COUNTER16[11]" at sync.vhd(39)
Info (10041): Inferred latch for "COUNTER16[12]" at sync.vhd(39)
Info (10041): Inferred latch for "COUNTER16[13]" at sync.vhd(39)
Info (10041): Inferred latch for "COUNTER16[14]" at sync.vhd(39)
Info (10041): Inferred latch for "COUNTER16[15]" at sync.vhd(39)
Info (10041): Inferred latch for "COUNTER16[16]" at sync.vhd(39)
Info (10041): Inferred latch for "COUNTER16[17]" at sync.vhd(39)
Info (10041): Inferred latch for "COUNTER16[18]" at sync.vhd(39)
Info (10041): Inferred latch for "COUNTER16[19]" at sync.vhd(39)
Info (10041): Inferred latch for "COUNTER16[20]" at sync.vhd(39)
Info (10041): Inferred latch for "COUNTER16[21]" at sync.vhd(39)
Info (10041): Inferred latch for "COUNTER16[22]" at sync.vhd(39)
Info (10041): Inferred latch for "COUNTER16[23]" at sync.vhd(39)
Info (10041): Inferred latch for "COUNTER16[24]" at sync.vhd(39)
Info (10041): Inferred latch for "COUNTER16[25]" at sync.vhd(39)
Info (10041): Inferred latch for "COUNTER16[26]" at sync.vhd(39)
Info (10041): Inferred latch for "COUNTER16[27]" at sync.vhd(39)
Info (10041): Inferred latch for "COUNTER16[28]" at sync.vhd(39)
Info (10041): Inferred latch for "COUNTER16[29]" at sync.vhd(39)
Info (10041): Inferred latch for "COUNTER16[30]" at sync.vhd(39)
Info (10041): Inferred latch for "COUNTER16[31]" at sync.vhd(39)
Info (10041): Inferred latch for "LED0" at sync.vhd(39)
Info (12128): Elaborating entity "rand" for hierarchy "sync:C1|rand:C3"
Info (12128): Elaborating entity "main_pll" for hierarchy "main_pll:C2"
Info (12128): Elaborating entity "main_pll_pll_0" for hierarchy "main_pll:C2|main_pll_pll_0:pll_0"
Info (12128): Elaborating entity "altera_pll" for hierarchy "main_pll:C2|main_pll_pll_0:pll_0|altera_pll:altera_pll_i"
Info (10008): Verilog HDL or VHDL information: EDA Netlist Writer cannot regroup multidimensional array "wire_to_nowhere_64" into its bus
Info (12130): Elaborated megafunction instantiation "main_pll:C2|main_pll_pll_0:pll_0|altera_pll:altera_pll_i"
Info (12133): Instantiated megafunction "main_pll:C2|main_pll_pll_0:pll_0|altera_pll:altera_pll_i" with the following parameter:
    Info (12134): Parameter "fractional_vco_multiplier" = "true"
    Info (12134): Parameter "reference_clock_frequency" = "50.0 MHz"
    Info (12134): Parameter "operation_mode" = "direct"
    Info (12134): Parameter "number_of_clocks" = "1"
    Info (12134): Parameter "output_clock_frequency0" = "25.175000 MHz"
    Info (12134): Parameter "phase_shift0" = "0 ps"
    Info (12134): Parameter "duty_cycle0" = "50"
    Info (12134): Parameter "output_clock_frequency1" = "0 MHz"
    Info (12134): Parameter "phase_shift1" = "0 ps"
    Info (12134): Parameter "duty_cycle1" = "50"
    Info (12134): Parameter "output_clock_frequency2" = "0 MHz"
    Info (12134): Parameter "phase_shift2" = "0 ps"
    Info (12134): Parameter "duty_cycle2" = "50"
    Info (12134): Parameter "output_clock_frequency3" = "0 MHz"
    Info (12134): Parameter "phase_shift3" = "0 ps"
    Info (12134): Parameter "duty_cycle3" = "50"
    Info (12134): Parameter "output_clock_frequency4" = "0 MHz"
    Info (12134): Parameter "phase_shift4" = "0 ps"
    Info (12134): Parameter "duty_cycle4" = "50"
    Info (12134): Parameter "output_clock_frequency5" = "0 MHz"
    Info (12134): Parameter "phase_shift5" = "0 ps"
    Info (12134): Parameter "duty_cycle5" = "50"
    Info (12134): Parameter "output_clock_frequency6" = "0 MHz"
    Info (12134): Parameter "phase_shift6" = "0 ps"
    Info (12134): Parameter "duty_cycle6" = "50"
    Info (12134): Parameter "output_clock_frequency7" = "0 MHz"
    Info (12134): Parameter "phase_shift7" = "0 ps"
    Info (12134): Parameter "duty_cycle7" = "50"
    Info (12134): Parameter "output_clock_frequency8" = "0 MHz"
    Info (12134): Parameter "phase_shift8" = "0 ps"
    Info (12134): Parameter "duty_cycle8" = "50"
    Info (12134): Parameter "output_clock_frequency9" = "0 MHz"
    Info (12134): Parameter "phase_shift9" = "0 ps"
    Info (12134): Parameter "duty_cycle9" = "50"
    Info (12134): Parameter "output_clock_frequency10" = "0 MHz"
    Info (12134): Parameter "phase_shift10" = "0 ps"
    Info (12134): Parameter "duty_cycle10" = "50"
    Info (12134): Parameter "output_clock_frequency11" = "0 MHz"
    Info (12134): Parameter "phase_shift11" = "0 ps"
    Info (12134): Parameter "duty_cycle11" = "50"
    Info (12134): Parameter "output_clock_frequency12" = "0 MHz"
    Info (12134): Parameter "phase_shift12" = "0 ps"
    Info (12134): Parameter "duty_cycle12" = "50"
    Info (12134): Parameter "output_clock_frequency13" = "0 MHz"
    Info (12134): Parameter "phase_shift13" = "0 ps"
    Info (12134): Parameter "duty_cycle13" = "50"
    Info (12134): Parameter "output_clock_frequency14" = "0 MHz"
    Info (12134): Parameter "phase_shift14" = "0 ps"
    Info (12134): Parameter "duty_cycle14" = "50"
    Info (12134): Parameter "output_clock_frequency15" = "0 MHz"
    Info (12134): Parameter "phase_shift15" = "0 ps"
    Info (12134): Parameter "duty_cycle15" = "50"
    Info (12134): Parameter "output_clock_frequency16" = "0 MHz"
    Info (12134): Parameter "phase_shift16" = "0 ps"
    Info (12134): Parameter "duty_cycle16" = "50"
    Info (12134): Parameter "output_clock_frequency17" = "0 MHz"
    Info (12134): Parameter "phase_shift17" = "0 ps"
    Info (12134): Parameter "duty_cycle17" = "50"
    Info (12134): Parameter "pll_type" = "General"
    Info (12134): Parameter "pll_subtype" = "General"
Warning (12241): 1 hierarchies have connectivity warnings - see the Connectivity Checks report folder
Info (13025): Duplicate LATCH primitives merged into single LATCH primitive
    Info (13026): Duplicate LATCH primitive "sync:C1|FFLAG" merged with LATCH primitive "sync:C1|LED0"
Warning (13024): Output pins are stuck at VCC or GND
    Warning (13410): Pin "VGA_SYNC_N" is stuck at VCC
    Warning (13410): Pin "VGA_BLANK_N" is stuck at VCC
Info (286030): Timing-Driven Synthesis is running
Info (16010): Generating hard_block partition "hard_block:auto_generated_inst"
    Info (16011): Adding 5 node(s), including 0 DDIO, 1 PLL, 0 transceiver and 0 LCELL
Warning: RST port on the PLL is not properly connected on instance main_pll:C2|main_pll_pll_0:pll_0|altera_pll:altera_pll_i|general[0].gpll. The reset port on the PLL should be connected. If the PLL loses lock for any reason, you might need to manually reset the PLL in order to re-establish lock to the reference clock.
    Info: Must be connected
Info (21057): Implemented 225 device resources after synthesis - the final resource count might be different
    Info (21058): Implemented 5 input pins
    Info (21059): Implemented 30 output pins
    Info (21061): Implemented 189 logic cells
    Info (21065): Implemented 1 PLLs
Info: Quartus II 64-Bit Analysis & Synthesis was successful. 0 errors, 17 warnings
    Info: Peak virtual memory: 695 megabytes
    Info: Processing ended: Sun Apr 24 00:27:38 2016
    Info: Elapsed time: 00:00:16
    Info: Total CPU time (on all processors): 00:00:35


